Wearable/build/outputs/mapping/release/seeds.txt
com.example.android.wearable.wear.wearcomplicationproviderstestsuite.NoDataDataSourceService
com.example.android.wearable.wear.wearcomplicationproviderstestsuite.ShortTextDataSourceService
com.example.android.wearable.wear.wearcomplicationproviderstestsuite.LongTextDataSourceService
com.example.android.wearable.wear.wearcomplicationproviderstestsuite.SmallImageDataSourceService
com.example.android.wearable.wear.wearcomplicationproviderstestsuite.IconDataSourceService
com.example.android.wearable.wear.wearcomplicationproviderstestsuite.LargeImageDataSourceService
com.example.android.wearable.wear.wearcomplicationproviderstestsuite.ComplicationToggleReceiver
com.example.android.wearable.wear.wearcomplicationproviderstestsuite.RangedValueDataSourceService
com.example.android.wearable.wear.wearcomplicationproviderstestsuite.ComplicationToggleArgs: android.os.Parcelable$Creator CREATOR
com.example.android.wearable.wear.wearcomplicationproviderstestsuite.LargeImageDataSourceService$Case: com.example.android.wearable.wear.wearcomplicationproviderstestsuite.LargeImageDataSourceService$Case[] values()
com.example.android.wearable.wear.wearcomplicationproviderstestsuite.RangedValueDataSourceService$Case: com.example.android.wearable.wear.wearcomplicationproviderstestsuite.RangedValueDataSourceService$Case[] values()
com.example.android.wearable.wear.wearcomplicationproviderstestsuite.Complication: com.example.android.wearable.wear.wearcomplicationproviderstestsuite.Complication[] values()
com.example.android.wearable.wear.wearcomplicationproviderstestsuite.IconDataSourceService$Case: com.example.android.wearable.wear.wearcomplicationproviderstestsuite.IconDataSourceService$Case[] values()
com.example.android.wearable.wear.wearcomplicationproviderstestsuite.LargeImageDataSourceService: LargeImageDataSourceService()
com.example.android.wearable.wear.wearcomplicationproviderstestsuite.SmallImageDataSourceService$Case: com.example.android.wearable.wear.wearcomplicationproviderstestsuite.SmallImageDataSourceService$Case valueOf(java.lang.String)
com.example.android.wearable.wear.wearcomplicationproviderstestsuite.SmallImageDataSourceService$Case: com.example.android.wearable.wear.wearcomplicationproviderstestsuite.SmallImageDataSourceService$Case[] values()
com.example.android.wearable.wear.wearcomplicationproviderstestsuite.NoDataDataSourceService: NoDataDataSourceService()
com.example.android.wearable.wear.wearcomplicationproviderstestsuite.IconDataSourceService: IconDataSourceService()
com.example.android.wearable.wear.wearcomplicationproviderstestsuite.ComplicationToggleReceiver: ComplicationToggleReceiver()
com.example.android.wearable.wear.wearcomplicationproviderstestsuite.LongTextDataSourceService$Case: com.example.android.wearable.wear.wearcomplicationproviderstestsuite.LongTextDataSourceService$Case valueOf(java.lang.String)
com.example.android.wearable.wear.wearcomplicationproviderstestsuite.IconDataSourceService$Case: com.example.android.wearable.wear.wearcomplicationproviderstestsuite.IconDataSourceService$Case valueOf(java.lang.String)
com.example.android.wearable.wear.wearcomplicationproviderstestsuite.ShortTextDataSourceService: ShortTextDataSourceService()
com.example.android.wearable.wear.wearcomplicationproviderstestsuite.RangedValueDataSourceService: RangedValueDataSourceService()
com.example.android.wearable.wear.wearcomplicationproviderstestsuite.Complication: com.example.android.wearable.wear.wearcomplicationproviderstestsuite.Complication valueOf(java.lang.String)
com.example.android.wearable.wear.wearcomplicationproviderstestsuite.SmallImageDataSourceService: SmallImageDataSourceService()
com.example.android.wearable.wear.wearcomplicationproviderstestsuite.LongTextDataSourceService$Case: com.example.android.wearable.wear.wearcomplicationproviderstestsuite.LongTextDataSourceService$Case[] values()
...
androidx.core.widget.TextViewCompat$Api17Impl: void setCompoundDrawablesRelativeWithIntrinsicBounds(android.widget.TextView,int,int,int,int)
androidx.recyclerview.widget.RecyclerView: int getScrollState()
android.support.wearable.complications.ComplicationData: int getListStyleHint()
kotlinx.coroutines.internal.ThreadSafeHeap: ThreadSafeHeap()
androidx.core.graphics.drawable.DrawableCompat$Api23Impl: boolean setLayoutDirection(android.graphics.drawable.Drawable,int)
androidx.core.widget.ImageViewCompat$Api21Impl: android.content.res.ColorStateList getImageTintList(android.widget.ImageView)
androidx.datastore.preferences.protobuf.LazyFieldLite: LazyFieldLite()
android.support.wearable.complications.ComplicationData: android.support.wearable.complications.ComplicationText getLongText()
kotlinx.coroutines.flow.SharedFlowSlot: SharedFlowSlot()
androidx.appcompat.widget.AppCompatTextView: int getAutoSizeStepGranularity()
androidx.appcompat.widget.LinearLayoutCompat: int getVirtualChildCount()
androidx.core.view.ViewCompat$Api20Impl: void requestApplyInsets(android.view.View)
androidx.vectordrawable.graphics.drawable.VectorDrawableCompat: VectorDrawableCompat()
androidx.core.widget.PopupWindowCompat$Api23Impl: void setOverlapAnchor(android.widget.PopupWindow,boolean)
androidx.appcompat.widget.ActionBarContextView: void setSubtitle(java.lang.CharSequence)
androidx.lifecycle.ReportFragment$LifecycleCallbacks: void onActivityPostStarted(android.app.Activity)
androidx.wear.watchface.complications.datasource.SuspendingComplicationDataSourceService: SuspendingComplicationDataSourceService()
kotlinx.coroutines.CoroutineStart: kotlinx.coroutines.CoroutineStart[] values()
androidx.core.view.WindowInsetsCompat$Impl: boolean isConsumed()
androidx.datastore.preferences.PreferencesProto$Value$Builder: PreferencesProto$Value$Builder()
kotlinx.coroutines.flow.internal.AbstractSharedFlow: AbstractSharedFlow()
androidx.core.view.ViewCompat$Api21Impl: float getZ(android.view.View)
androidx.appcompat.widget.ActivityChooserView$InnerLayout: ActivityChooserView$InnerLayout(android.content.Context,android.util.AttributeSet)
androidx.core.view.WindowInsetsCompat$Impl29: WindowInsetsCompat$Impl29(androidx.core.view.WindowInsetsCompat,android.view.WindowInsets)
androidx.recyclerview.widget.RecyclerView: void setItemAnimator(androidx.recyclerview.widget.RecyclerView$ItemAnimator)
androidx.core.app.RemoteActionCompatParcelizer: RemoteActionCompatParcelizer()
androidx.appcompat.widget.Toolbar: Toolbar(android.content.Context,android.util.AttributeSet)
android.support.wearable.complications.ComplicationData: boolean hasShortTitle()
androidx.core.view.ViewCompat$Api16Impl: void setImportantForAccessibility(android.view.View,int)
androidx.preference.Preference: Preference(android.content.Context,android.util.AttributeSet)
kotlinx.coroutines.scheduling.SchedulerTimeSource: SchedulerTimeSource()
androidx.core.content.res.ResourcesCompat$Api21Impl: android.graphics.drawable.Drawable getDrawableForDensity(android.content.res.Resources,int,int,android.content.res.Resources$Theme)
kotlinx.coroutines.internal.LockFreeLinkedListHead: LockFreeLinkedListHead()
android.support.wearable.complications.ComplicationData: byte[] getAmbientLayout()
androidx.appcompat.widget.SwitchCompat: void setTrackDrawable(android.graphics.drawable.Drawable)
android.support.wearable.complications.ComplicationData: boolean hasLargeImage()
android.support.wearable.complications.TimeDifferenceText: long getReferencePeriodStart()
androidx.core.view.ViewCompat$Api19Impl: void setAccessibilityLiveRegion(android.view.View,int)
androidx.core.widget.TextViewCompat$Api17Impl: void setCompoundDrawablesRelative(android.widget.TextView,android.graphics.drawable.Drawable,android.graphics.drawable.Drawable,android.graphics.drawable.Drawable,android.graphics.drawable.Drawable)
androidx.core.view.ViewCompat$Api21Impl: boolean startNestedScroll(android.view.View,int)