Wearable/build/outputs/mapping/release/mapping.txt
# compiler: R8
# compiler_version: 3.3.83
# min_api: 26
# common_typos_disable
# {"id":"com.android.tools.r8.mapping","version":"2.0"}
# pg_map_id: d3c578a
# pg_map_hash: SHA-256 d3c578a38b997225ff2b420f13eb0c4b730d0820f70ef835f5ee82c7f264408d
com.example.android.wearable.wear.wearcomplicationproviderstestsuite.ComplicationToggleArgs -> l0.a:
    android.content.ComponentName providerComponent -> c
    int complicationInstanceId -> e
    com.example.android.wearable.wear.wearcomplicationproviderstestsuite.Complication complication -> d
    2:2:java.lang.String toString():0:0 -> toString
      # {"id":"com.android.tools.r8.outlineCallsite","positions":{"0":45,"2":46,"5":47}}
    45:45:java.lang.String toString():0:0 -> toString
    46:46:java.lang.String toString():0:0 -> toString
    47:47:java.lang.String toString():0:0 -> toString
    3:44:java.lang.String toString():0:0 -> toString
com.example.android.wearable.wear.wearcomplicationproviderstestsuite.ComplicationToggleArgs$Creator -> l0.a$a:
    2:22:com.example.android.wearable.wear.wearcomplicationproviderstestsuite.ComplicationToggleArgs com.example.android.wearable.wear.wearcomplicationproviderstestsuite.ComplicationToggleArgs$Creator.createFromParcel(android.os.Parcel):0:0 -> createFromParcel
    2:22:java.lang.Object createFromParcel(android.os.Parcel):0 -> createFromParcel
    23:26:com.example.android.wearable.wear.wearcomplicationproviderstestsuite.Complication com.example.android.wearable.wear.wearcomplicationproviderstestsuite.Complication.valueOf(java.lang.String):0:0 -> createFromParcel
    23:26:com.example.android.wearable.wear.wearcomplicationproviderstestsuite.ComplicationToggleArgs com.example.android.wearable.wear.wearcomplicationproviderstestsuite.ComplicationToggleArgs$Creator.createFromParcel(android.os.Parcel):0 -> createFromParcel
    23:26:java.lang.Object createFromParcel(android.os.Parcel):0 -> createFromParcel
    27:34:com.example.android.wearable.wear.wearcomplicationproviderstestsuite.ComplicationToggleArgs com.example.android.wearable.wear.wearcomplicationproviderstestsuite.ComplicationToggleArgs$Creator.createFromParcel(android.os.Parcel):0:0 -> createFromParcel
    27:34:java.lang.Object createFromParcel(android.os.Parcel):0 -> createFromParcel
com.example.android.wearable.wear.wearcomplicationproviderstestsuite.ComplicationToggleReceiver -> com.example.android.wearable.wear.wearcomplicationproviderstestsuite.ComplicationToggleReceiver:
    kotlinx.coroutines.CoroutineScope scope -> a
    int $r8$clinit -> b
    4:8:kotlinx.coroutines.CompletableJob kotlinx.coroutines.SupervisorKt.SupervisorJob(kotlinx.coroutines.Job):0:0 -> <init>
    4:8:kotlinx.coroutines.CompletableJob kotlinx.coroutines.SupervisorKt.SupervisorJob$default(kotlinx.coroutines.Job,int,java.lang.Object):0 -> <init>
    4:8:void <init>():0 -> <init>
    9:10:void <init>():0:0 -> <init>
    11:12:kotlinx.coroutines.MainCoroutineDispatcher kotlinx.coroutines.Dispatchers.getMain():0:0 -> <init>
    11:12:void <init>():0 -> <init>
    13:16:void <init>():0:0 -> <init>
    17:20:kotlin.coroutines.CoroutineContext kotlinx.coroutines.Job$DefaultImpls.plus(kotlinx.coroutines.Job,kotlin.coroutines.CoroutineContext):0:0 -> <init>
    17:20:kotlin.coroutines.CoroutineContext kotlinx.coroutines.JobSupport.plus(kotlin.coroutines.CoroutineContext):0 -> <init>
    17:20:void <init>():0 -> <init>
    21:27:void <init>():0:0 -> <init>
    10:28:com.example.android.wearable.wear.wearcomplicationproviderstestsuite.ComplicationToggleArgs com.example.android.wearable.wear.wearcomplicationproviderstestsuite.ComplicationToggleReceiver$Companion.getArgs(android.content.Intent):0:0 -> onReceive
...
androidx.datastore.preferences.protobuf.LazyField$LazyIterator -> e0.a0$b:
    java.util.Iterator iterator -> c
    0:22:java.util.Map$Entry androidx.datastore.preferences.protobuf.LazyField$LazyIterator.next():0:0 -> next
    0:22:java.lang.Object next():0 -> next
androidx.datastore.preferences.protobuf.LazyFieldLite -> e0.b0:
    androidx.datastore.preferences.protobuf.MessageLite value -> a
    androidx.datastore.preferences.protobuf.ByteString memoizedBytes -> b
    0:24:void androidx.datastore.preferences.protobuf.LazyFieldLite.ensureInitialized(androidx.datastore.preferences.protobuf.MessageLite):0:0 -> a
    0:24:androidx.datastore.preferences.protobuf.MessageLite getValue(androidx.datastore.preferences.protobuf.MessageLite):0 -> a
    25:28:androidx.datastore.preferences.protobuf.MessageLite getValue(androidx.datastore.preferences.protobuf.MessageLite):0:0 -> a
    29:30:void androidx.datastore.preferences.protobuf.LazyFieldLite.ensureInitialized(androidx.datastore.preferences.protobuf.MessageLite):0:0 -> a
    29:30:androidx.datastore.preferences.protobuf.MessageLite getValue(androidx.datastore.preferences.protobuf.MessageLite):0 -> a
    androidx.datastore.preferences.protobuf.ByteString toByteString() -> b
androidx.datastore.preferences.protobuf.LazyStringArrayList -> e0.c0:
    java.util.List list -> d
    4:7:void androidx.datastore.preferences.protobuf.LazyStringArrayList.<init>():0:0 -> <clinit>
    4:7:void <clinit>():0 -> <clinit>
    8:10:void androidx.datastore.preferences.protobuf.AbstractProtobufList.makeImmutable():0:0 -> <clinit>
    8:10:void <clinit>():0 -> <clinit>
      # {"id":"com.android.tools.r8.rewriteFrame","conditions":["throws(Ljava/lang/NullPointerException;)"],"actions":["removeInnerFrames(1)"]}
    0:3:boolean androidx.datastore.preferences.protobuf.AbstractProtobufList.isModifiable():0:0 -> a
    0:3:androidx.datastore.preferences.protobuf.LazyStringList getUnmodifiableView():0 -> a
    4:10:androidx.datastore.preferences.protobuf.LazyStringList getUnmodifiableView():0:0 -> a
    2:16:void androidx.datastore.preferences.protobuf.LazyStringArrayList.add(int,java.lang.String):0:0 -> add
    2:16:void add(int,java.lang.Object):0 -> add
    java.lang.Object getRaw(int) -> c
    0:27:androidx.datastore.preferences.protobuf.LazyStringArrayList androidx.datastore.preferences.protobuf.LazyStringArrayList.mutableCopyWithCapacity(int):0:0 -> d
    0:27:androidx.datastore.preferences.protobuf.Internal$ProtobufList mutableCopyWithCapacity(int):0 -> d
    java.util.List getUnderlyingElements() -> e
    void add(androidx.datastore.preferences.protobuf.ByteString) -> f
androidx.datastore.preferences.protobuf.LazyStringList -> e0.d0:
    androidx.datastore.preferences.protobuf.LazyStringList getUnmodifiableView() -> a
    java.lang.Object getRaw(int) -> c
    java.util.List getUnderlyingElements() -> e
    void add(androidx.datastore.preferences.protobuf.ByteString) -> f
androidx.datastore.preferences.protobuf.ListFieldSchema -> e0.e0:
    androidx.datastore.preferences.protobuf.ListFieldSchema FULL_INSTANCE -> a
    androidx.datastore.preferences.protobuf.ListFieldSchema LITE_INSTANCE -> b
    0:3:void androidx.datastore.preferences.protobuf.ListFieldSchema.<init>():0:0 -> <init>
    0:3:void <init>(androidx.datastore.preferences.protobuf.ListFieldSchema$1):0 -> <init>
    void makeImmutableListAt(java.lang.Object,long) -> a
    void mergeListsAt(java.lang.Object,java.lang.Object,long) -> b
    java.util.List mutableListAt(java.lang.Object,long) -> c