Wearable/build/outputs/mapping/release/usage.txt
com.example.android.wearable.wear.wearcomplicationproviderstestsuite.BuildConfig
com.example.android.wearable.wear.wearcomplicationproviderstestsuite.ComplicationToggleArgs:
    public final android.content.ComponentName component1()
    public final com.example.android.wearable.wear.wearcomplicationproviderstestsuite.Complication component2()
    public final int component3()
    public final com.example.android.wearable.wear.wearcomplicationproviderstestsuite.ComplicationToggleArgs copy(android.content.ComponentName,com.example.android.wearable.wear.wearcomplicationproviderstestsuite.Complication,int)
    public static synthetic com.example.android.wearable.wear.wearcomplicationproviderstestsuite.ComplicationToggleArgs copy$default(com.example.android.wearable.wear.wearcomplicationproviderstestsuite.ComplicationToggleArgs,android.content.ComponentName,com.example.android.wearable.wear.wearcomplicationproviderstestsuite.Complication,int,int,java.lang.Object)
com.example.android.wearable.wear.wearcomplicationproviderstestsuite.ComplicationToggleReceiver:
    private static final java.lang.String EXTRA_ARGS
com.example.android.wearable.wear.wearcomplicationproviderstestsuite.DataStorageKt$getState$$inlined$map$1$2$1:
    java.lang.Object L$0
com.example.android.wearable.wear.wearcomplicationproviderstestsuite.R$anim
com.example.android.wearable.wear.wearcomplicationproviderstestsuite.R$attr
com.example.android.wearable.wear.wearcomplicationproviderstestsuite.R$bool
com.example.android.wearable.wear.wearcomplicationproviderstestsuite.R$color
com.example.android.wearable.wear.wearcomplicationproviderstestsuite.R$dimen
com.example.android.wearable.wear.wearcomplicationproviderstestsuite.R$drawable
com.example.android.wearable.wear.wearcomplicationproviderstestsuite.R$id
com.example.android.wearable.wear.wearcomplicationproviderstestsuite.R$integer
com.example.android.wearable.wear.wearcomplicationproviderstestsuite.R$interpolator
com.example.android.wearable.wear.wearcomplicationproviderstestsuite.R$layout
com.example.android.wearable.wear.wearcomplicationproviderstestsuite.R$plurals
com.example.android.wearable.wear.wearcomplicationproviderstestsuite.R$string
com.example.android.wearable.wear.wearcomplicationproviderstestsuite.R$style
com.example.android.wearable.wear.wearcomplicationproviderstestsuite.R$styleable
com.example.android.wearable.wear.wearcomplicationproviderstestsuite.R
com.example.android.wearable.wear.wearcomplicationproviderstestsuite.Complication$EnumUnboxingLocalUtility:
    public static void <clinit>()
    public static java.lang.String _getKey()
    public static int _valueOf(java.lang.String)
    public static int[] _values()
com.example.android.wearable.wear.wearcomplicationproviderstestsuite.Complication
com.example.android.wearable.wear.wearcomplicationproviderstestsuite.ComplicationToggleArgs$Creator:
    public static com.example.android.wearable.wear.wearcomplicationproviderstestsuite.ComplicationToggleArgs createFromParcel()
    public static com.example.android.wearable.wear.wearcomplicationproviderstestsuite.ComplicationToggleArgs[] newArray()
com.example.android.wearable.wear.wearcomplicationproviderstestsuite.ComplicationToggleArgs:
    public static int getComplication()
    public static int getComplicationInstanceId()
    public static android.content.ComponentName getProviderComponent()
com.example.android.wearable.wear.wearcomplicationproviderstestsuite.ComplicationToggleArgsKt
com.example.android.wearable.wear.wearcomplicationproviderstestsuite.ComplicationToggleReceiver$Companion:
    public void <init>()
    public static com.example.android.wearable.wear.wearcomplicationproviderstestsuite.ComplicationToggleArgs getArgs()
com.example.android.wearable.wear.wearcomplicationproviderstestsuite.ComplicationToggleReceiver$onReceive$1:
    public final java.lang.Object invoke$3()
...
androidx.core.widget.NestedScrollView:
    static final int ANIMATED_SCROLL_GAP
    private static final int DEFAULT_SMOOTH_SCROLL_DURATION
    private static final float FLING_DESTRETCH_FACTOR
    private static final float INFLEXION
    private static final int INVALID_POINTER
    static final float MAX_SCROLL_FACTOR
    private static final float SCROLL_FRICTION
    private static final java.lang.String TAG
    public void <init>(android.content.Context)
    public boolean dispatchNestedScroll(int,int,int,int,int[],int)
    public boolean isFillViewport()
    public boolean isSmoothScrollingEnabled()
    public final void smoothScrollBy(int,int,int)
    public final void smoothScrollTo(int,int)
    public final void smoothScrollTo(int,int,int)
androidx.core.widget.PopupMenuCompat$Api19Impl
androidx.core.widget.PopupMenuCompat
androidx.core.widget.PopupWindowCompat$Api19Impl:
    private void <init>()
androidx.core.widget.PopupWindowCompat$Api23Impl:
    private void <init>()
androidx.core.widget.PopupWindowCompat:
    private static final java.lang.String TAG
    private static java.lang.reflect.Method sGetWindowLayoutTypeMethod
    private static boolean sGetWindowLayoutTypeMethodAttempted
    private void <init>()
    public static boolean getOverlapAnchor(android.widget.PopupWindow)
    public static int getWindowLayoutType(android.widget.PopupWindow)
androidx.core.widget.ScrollerCompat
androidx.core.widget.TextViewCompat$Api16Impl:
    private void <init>()
androidx.core.widget.TextViewCompat$Api17Impl:
    private void <init>()
androidx.core.widget.TextViewCompat$Api23Impl:
    private void <init>()
androidx.core.widget.TextViewCompat$Api24Impl:
    private void <init>()
androidx.core.widget.TextViewCompat$Api26Impl
androidx.core.widget.TextViewCompat$Api28Impl:
    private void <init>()
androidx.core.widget.TextViewCompat$AutoSizeTextType
androidx.core.widget.TextViewCompat$OreoCallback:
    private static final int MENU_ITEM_ORDER_PROCESS_TEXT_INTENT_ACTIONS_START
    android.view.ActionMode$Callback getWrappedCallback()
androidx.core.widget.TextViewCompat:
    public static final int AUTO_SIZE_TEXT_TYPE_NONE
    public static final int AUTO_SIZE_TEXT_TYPE_UNIFORM
    private static final int LINES
    private static final java.lang.String LOG_TAG
    private static java.lang.reflect.Field sMaxModeField
    private static boolean sMaxModeFieldFetched
    private static java.lang.reflect.Field sMaximumField
    private static boolean sMaximumFieldFetched
    private static java.lang.reflect.Field sMinModeField
    private static boolean sMinModeFieldFetched
    private static java.lang.reflect.Field sMinimumField
    private static boolean sMinimumFieldFetched
    private void <init>()
    public static int getAutoSizeMaxTextSize(android.widget.TextView)
    public static int getAutoSizeMinTextSize(android.widget.TextView)
    public static int getAutoSizeStepGranularity(android.widget.TextView)
    public static int[] getAutoSizeTextAvailableSizes(android.widget.TextView)
    public static int getAutoSizeTextType(android.widget.TextView)
    public static android.content.res.ColorStateList getCompoundDrawableTintList(android.widget.TextView)
    public static android.graphics.PorterDuff$Mode getCompoundDrawableTintMode(android.widget.TextView)
    public static android.graphics.drawable.Drawable[] getCompoundDrawablesRelative(android.widget.TextView)
    public static int getMaxLines(android.widget.TextView)
    public static int getMinLines(android.widget.TextView)
androidx.core.widget.TextViewKt$addTextChangedListener$1
androidx.core.widget.TextViewKt$addTextChangedListener$2
androidx.core.widget.TextViewKt$addTextChangedListener$3
androidx.core.widget.TextViewKt$addTextChangedListener$textWatcher$1
androidx.core.widget.TextViewKt$doAfterTextChanged$$inlined$addTextChangedListener$default$1
androidx.core.widget.TextViewKt$doBeforeTextChanged$$inlined$addTextChangedListener$default$1